[0mGET /users/sign-in [32m200[0m 286.473 ms - 3437[0m
[0mGET /forgot-password [32m200[0m 132.351 ms - 1638[0m
[0mPOST /forgot-password/mail [36m302[0m 712.555 ms - 46[0m
[0mGET / [32m200[0m 988.078 ms - 1540[0m
[0mGET /forgot-password/resetlink/accesstoken/487ef852b74171daaaf024b9de2c9bc0943f2ca4 [32m200[0m 236.297 ms - 1792[0m
[0mPOST /forgot-password/reset [36m302[0m 388.014 ms - 46[0m
[0mGET / [32m200[0m 119.630 ms - 1540[0m
[0mGET / [32m200[0m 2075.712 ms - 1311[0m
[0mGET /users/sign-in [36m304[0m 180.430 ms - -[0m
[0mGET /forgot-password [36m304[0m 117.014 ms - -[0m
[0mGET /users/sign-up [32m200[0m 201.910 ms - 3407[0m
[0mGET /users/sign-in [36m304[0m 266.014 ms - -[0m
[0mGET /forgot-password [36m304[0m 187.624 ms - -[0m
[0mGET /forgot-password/resetlink/accesstoken/487ef852b74171daaaf024b9de2c9bc0943f2ca4 [32m200[0m 186.944 ms - 54[0m
[0mPOST /forgot-password/mail [36m302[0m 782.722 ms - 46[0m
[0mGET / [32m200[0m 970.897 ms - 1540[0m
[0mGET /forgot-password/resetlink/accesstoken/a3456bf9fa586ed7060fc3e1beb64103f9be99d0 [32m200[0m 309.973 ms - 1792[0m
[0mPOST /forgot-password/reset [36m302[0m 492.377 ms - 46[0m
[0mGET / [32m200[0m 152.028 ms - 1540[0m
[0mGET /forgot-password [36m304[0m 154.528 ms - -[0m
